mode: set
github.com/TulioGuaraldoB/car-app/application/carApplication.go:21.81,25.2 1 1
github.com/TulioGuaraldoB/car-app/application/carApplication.go:27.61,29.2 1 1
github.com/TulioGuaraldoB/car-app/application/carApplication.go:31.70,33.2 1 1
github.com/TulioGuaraldoB/car-app/application/carApplication.go:35.77,37.2 1 1
github.com/TulioGuaraldoB/car-app/application/carApplication.go:39.89,41.2 1 1
github.com/TulioGuaraldoB/car-app/application/carApplication.go:43.59,45.2 1 1
github.com/TulioGuaraldoB/car-app/application/carApplication.go:47.54,49.2 1 1
github.com/TulioGuaraldoB/car-app/application/crossApplication.go:17.80,21.2 1 1
github.com/TulioGuaraldoB/car-app/application/crossApplication.go:23.73,25.2 1 1
github.com/TulioGuaraldoB/car-app/application/crossApplication.go:27.88,29.2 1 1
github.com/TulioGuaraldoB/car-app/application/userApplication.go:20.85,24.2 1 1
github.com/TulioGuaraldoB/car-app/application/userApplication.go:28.64,30.2 1 1
github.com/TulioGuaraldoB/car-app/application/userApplication.go:32.70,34.2 1 1
github.com/TulioGuaraldoB/car-app/application/userApplication.go:36.89,38.2 1 1
github.com/TulioGuaraldoB/car-app/application/userApplication.go:40.63,45.2 3 1
github.com/TulioGuaraldoB/car-app/infrastructure/persistence/userRepository.go:13.64,17.2 1 1
github.com/TulioGuaraldoB/car-app/infrastructure/persistence/userRepository.go:19.63,21.48 2 1
github.com/TulioGuaraldoB/car-app/infrastructure/persistence/userRepository.go:25.2,25.19 1 1
github.com/TulioGuaraldoB/car-app/infrastructure/persistence/userRepository.go:21.48,23.3 1 1
github.com/TulioGuaraldoB/car-app/infrastructure/persistence/userRepository.go:28.69,30.57 2 1
github.com/TulioGuaraldoB/car-app/infrastructure/persistence/userRepository.go:34.2,34.18 1 1
github.com/TulioGuaraldoB/car-app/infrastructure/persistence/userRepository.go:30.57,32.3 1 1
github.com/TulioGuaraldoB/car-app/infrastructure/persistence/userRepository.go:37.88,40.21 1 1
github.com/TulioGuaraldoB/car-app/infrastructure/persistence/userRepository.go:44.2,44.18 1 1
github.com/TulioGuaraldoB/car-app/infrastructure/persistence/userRepository.go:40.21,42.3 1 1
github.com/TulioGuaraldoB/car-app/infrastructure/persistence/userRepository.go:47.62,49.2 1 1
github.com/TulioGuaraldoB/car-app/infrastructure/persistence/carRepository.go:13.62,17.2 1 1
github.com/TulioGuaraldoB/car-app/infrastructure/persistence/carRepository.go:19.60,21.47 2 1
github.com/TulioGuaraldoB/car-app/infrastructure/persistence/carRepository.go:25.2,25.18 1 1
github.com/TulioGuaraldoB/car-app/infrastructure/persistence/carRepository.go:21.47,23.3 1 1
github.com/TulioGuaraldoB/car-app/infrastructure/persistence/carRepository.go:28.69,30.55 2 1
github.com/TulioGuaraldoB/car-app/infrastructure/persistence/carRepository.go:34.2,34.18 1 1
github.com/TulioGuaraldoB/car-app/infrastructure/persistence/carRepository.go:30.55,32.3 1 1
github.com/TulioGuaraldoB/car-app/infrastructure/persistence/carRepository.go:37.76,39.74 2 1
github.com/TulioGuaraldoB/car-app/infrastructure/persistence/carRepository.go:43.2,43.18 1 1
github.com/TulioGuaraldoB/car-app/infrastructure/persistence/carRepository.go:39.74,41.3 1 1
github.com/TulioGuaraldoB/car-app/infrastructure/persistence/carRepository.go:46.88,48.89 2 1
github.com/TulioGuaraldoB/car-app/infrastructure/persistence/carRepository.go:52.2,52.18 1 1
github.com/TulioGuaraldoB/car-app/infrastructure/persistence/carRepository.go:48.89,50.3 1 1
github.com/TulioGuaraldoB/car-app/infrastructure/persistence/carRepository.go:55.58,57.2 1 1
github.com/TulioGuaraldoB/car-app/infrastructure/persistence/carRepository.go:59.53,61.2 1 1
github.com/TulioGuaraldoB/car-app/infrastructure/service/crossService.go:23.60,27.2 1 1
github.com/TulioGuaraldoB/car-app/infrastructure/service/crossService.go:29.69,32.16 3 1
github.com/TulioGuaraldoB/car-app/infrastructure/service/crossService.go:36.2,37.16 2 1
github.com/TulioGuaraldoB/car-app/infrastructure/service/crossService.go:41.2,42.16 2 1
github.com/TulioGuaraldoB/car-app/infrastructure/service/crossService.go:46.2,46.37 1 1
github.com/TulioGuaraldoB/car-app/infrastructure/service/crossService.go:51.2,51.12 1 0
github.com/TulioGuaraldoB/car-app/infrastructure/service/crossService.go:32.16,34.3 1 0
github.com/TulioGuaraldoB/car-app/infrastructure/service/crossService.go:37.16,39.3 1 0
github.com/TulioGuaraldoB/car-app/infrastructure/service/crossService.go:42.16,44.3 1 0
github.com/TulioGuaraldoB/car-app/infrastructure/service/crossService.go:46.37,49.3 2 1
github.com/TulioGuaraldoB/car-app/infrastructure/service/crossService.go:54.84,57.16 3 1
github.com/TulioGuaraldoB/car-app/infrastructure/service/crossService.go:61.2,62.16 2 1
github.com/TulioGuaraldoB/car-app/infrastructure/service/crossService.go:66.2,67.16 2 1
github.com/TulioGuaraldoB/car-app/infrastructure/service/crossService.go:71.2,71.37 1 1
github.com/TulioGuaraldoB/car-app/infrastructure/service/crossService.go:76.2,77.16 2 1
github.com/TulioGuaraldoB/car-app/infrastructure/service/crossService.go:81.2,82.28 2 1
github.com/TulioGuaraldoB/car-app/infrastructure/service/crossService.go:57.16,59.3 1 0
github.com/TulioGuaraldoB/car-app/infrastructure/service/crossService.go:62.16,64.3 1 0
github.com/TulioGuaraldoB/car-app/infrastructure/service/crossService.go:67.16,69.3 1 0
github.com/TulioGuaraldoB/car-app/infrastructure/service/crossService.go:71.37,74.3 2 1
github.com/TulioGuaraldoB/car-app/infrastructure/service/crossService.go:77.16,79.3 1 0
github.com/TulioGuaraldoB/car-app/infrastructure/service/crossService.go:85.58,87.16 2 1
github.com/TulioGuaraldoB/car-app/infrastructure/service/crossService.go:91.2,92.31 2 1
github.com/TulioGuaraldoB/car-app/infrastructure/service/crossService.go:87.16,89.3 1 0
